{
  "stats": {
    "suites": 1,
    "tests": 4,
    "passes": 3,
    "pending": 0,
    "failures": 1,
    "start": "2024-01-22T06:36:39.578Z",
    "end": "2024-01-22T06:36:40.946Z",
    "duration": 1368,
    "testsRegistered": 4,
    "passPercent": 75,
    "pendingPercent": 0,
    "other": 0,
    "hasOther": false,
    "skipped": 0,
    "hasSkipped": false
  },
  "results": [
    {
      "uuid": "84051394-ceda-4056-b482-7950bd7baf91",
      "title": "",
      "fullFile": "cypress/e2e/tests/apilogin.cy.ts",
      "file": "cypress/e2e/tests/apilogin.cy.ts",
      "beforeHooks": [],
      "afterHooks": [],
      "tests": [],
      "suites": [
        {
          "uuid": "714a1792-3cfa-464b-acaf-1918524588e7",
          "title": "Api testing",
          "fullFile": "",
          "file": "",
          "beforeHooks": [],
          "afterHooks": [],
          "tests": [
            {
              "title": "TC1: Login success and get authenticate value",
              "fullTitle": "Api testing TC1: Login success and get authenticate value",
              "timedOut": null,
              "duration": 742,
              "state": "passed",
              "speed": "fast",
              "pass": true,
              "fail": false,
              "pending": false,
              "context": "{\n  \"title\": \"cypress-mochawesome-reporter-videos-passed\",\n  \"value\": \"cypress/e2e/tests/apilogin.cy.ts\"\n}",
              "code": "cy.request({\n    method: \"POST\",\n    url: apiLoginPage_1.default.loginUrl,\n    body: {\n        username: apilogindata.userName,\n        password: apilogindata.passWord,\n        type: apilogindata.type\n    }\n}).then(function (response) {\n    this.getauthen = response.body.data[0].bearerToken;\n    cy.log(this.getauthen);\n});",
              "err": {},
              "uuid": "55ff692c-6260-4fc8-942a-726304e7f25d",
              "parentUUID": "714a1792-3cfa-464b-acaf-1918524588e7",
              "isHook": false,
              "skipped": false
            },
            {
              "title": "TC2: Get api bank list with authenticate value",
              "fullTitle": "Api testing TC2: Get api bank list with authenticate value",
              "timedOut": null,
              "duration": 98,
              "state": "passed",
              "speed": "fast",
              "pass": true,
              "fail": false,
              "pending": false,
              "context": "{\n  \"title\": \"cypress-mochawesome-reporter-videos-passed\",\n  \"value\": \"cypress/e2e/tests/apilogin.cy.ts\"\n}",
              "code": "cy.request({\n    method: \"GET\",\n    url: apiLoginPage_1.default.bankListUrl,\n    auth: {\n        bearer: this.getauthen\n    }\n}).then(function (response) {\n    expect(response.body.status).to.eq(\"OK\");\n});",
              "err": {},
              "uuid": "ceb87f08-d441-425c-8e89-d2fa27f9c190",
              "parentUUID": "714a1792-3cfa-464b-acaf-1918524588e7",
              "isHook": false,
              "skipped": false
            },
            {
              "title": "TC3: Get api event with authenticate value",
              "fullTitle": "Api testing TC3: Get api event with authenticate value",
              "timedOut": null,
              "duration": 397,
              "state": "failed",
              "speed": null,
              "pass": false,
              "fail": true,
              "pending": false,
              "context": "[\n  {\n    \"title\": \"cypress-mochawesome-reporter-videos-failed\",\n    \"value\": \"cypress/e2e/tests/apilogin.cy.ts\"\n  },\n  {\n    \"title\": \"cypress-mochawesome-reporter-screenshots\",\n    \"value\": [\n      [\n        \"/apilogin.cy.ts/Api testing -- TC3 Get api event with authenticate value (failed).png\"\n      ]\n    ]\n  }\n]",
              "code": "cy.request({\n    method: \"GET\",\n    url: apiLoginPage_1.default.sellerUrl,\n    auth: {\n        bearer: this.getauthen\n    }\n}).then(function (response) {\n    expect(response.body.status).to.eq(\"OK\");\n});",
              "err": {
                "message": "CypressError: `cy.request()` failed on:\n\nhttps://pos.v2-stg.thuocsi.vn/api/seller\n\nThe response we received from your web server was:\n\n  > 404: Not Found\n\nThis was considered a failure because the status code was not `2xx` or `3xx`.\n\nIf you do not want status codes to cause failures pass the option: `failOnStatusCode: false`\n\n-----------------------------------------------------------\n\nThe request we sent was:\n\nMethod: GET\nURL: https://pos.v2-stg.thuocsi.vn/api/seller\nHeaders: {\n  \"Connection\": \"keep-alive\",\n  \"user-agent\": \"Mozilla/5.0 (Macintosh; Intel Mac OS X 10_15_7) AppleWebKit/537.36 (KHTML, like Gecko) HeadlessChrome/120.0.0.0 Safari/537.36\",\n  \"accept\": \"*/*\",\n  \"authorization\": \"Bearer Q1VTVE9NRVIvQ1VTVE9NRVJfREtTU1NTU1NTUzpReHRKRzNxeWVBdUhLZ2t5WVRyQmZKem5meEI4ZEVjZTNMUTZuYzFrZ0xTWnBQOTU=\",\n  \"accept-encoding\": \"gzip, deflate\"\n}\n\n-----------------------------------------------------------\n\nThe response we got was:\n\nStatus: 404 - Not Found\nHeaders: {\n  \"server\": \"nginx\",\n  \"date\": \"Mon, 22 Jan 2024 06:36:40 GMT\",\n  \"content-type\": \"text/html; charset=utf-8\",\n  \"x-powered-by\": \"Next.js\",\n  \"etag\": \"\\\"5fdc-JW6Opn6WC6AoxO5NSIW+/2ir+40\\\"\",\n  \"vary\": \"Accept-Encoding\",\n  \"content-encoding\": \"gzip\",\n  \"via\": \"1.1 google\",\n  \"alt-svc\": \"h3=\\\":443\\\"; ma=2592000,h3-29=\\\":443\\\"; ma=2592000\",\n  \"transfer-encoding\": \"chunked\"\n}\nBody: <!DOCTYPE html><html lang=\"en\"><head><meta name=\"theme-color\" content=\"#00b46e\"/><link rel=\"stylesheet\" data-href=\"https://fonts.googleapis.com/css?family=Roboto:300,400,500,700&amp;display=swap\"/><link rel=\"shorcut icon\" href=\"/favicon-96x96.png\"/><meta charSet=\"utf-8\"/><meta name=\"viewport\" content=\"width=device-width, initial-scale=1.0, maximum-scale=1.0, minimum-scale=1.0, user-scalable=no\"/><meta http-equiv=\"Cache-Control\" content=\"no-cache\"/><meta http-equiv=\"Expires\" content=\"-1\"/><meta name=\"keywords\" content=\"Buymed POS\"/><meta name=\"description\" content=\"Retail System\"/><link rel=\"shortcut icon\" href=\"/images/favicon-16x16.png\"/><link rel=\"shortcut icon\" href=\"/images/favicon-32x32.png\"/><link rel=\"shortcut icon\" href=\"/images/favicon-96x96.png\"/><title>: An unexpected error has occurred</title><meta name=\"next-head-count\" content=\"10\"/><link rel=\"preload\" href=\"/_next/static/css/794362d37b7a696645da.css\" as=\"style\"/><link rel=\"stylesheet\" href=\"/_next/static/css/794362d37b7a696645da.css\" data-n-g=\"\"/><noscript data-n-css=\"\"></noscript><link rel=\"preload\" href=\"/_next/static/chunks/webpack-d57a62d0cfeef67f2456.js\" as=\"script\"/><link rel=\"preload\" href=\"/_next/static/chunks/framework.ec787e007ba674e48e7f.js\" as=\"script\"/><link rel=\"preload\" href=\"/_next/static/chunks/bff0af54ca1c7df71e09233f75e062901272c813.10c70fcf39d0bb76395d.js\" as=\"script\"/><link rel=\"preload\" href=\"/_next/static/chunks/fd3badad83e6b3f1dbd295819a480990445d1666.0c0adc73fe6e1336766f.js\" as=\"script\"/><link rel=\"preload\" href=\"/_next/static/chunks/main-7a3f5e5786ca1a7b4732.js\" as=\"script\"/><link rel=\"preload\" href=\"/_next/static/chunks/cb1608f2.d4e54d1f9cf1ac54e275.js\" as=\"script\"/><link rel=\"preload\" href=\"/_next/static/chunks/dfac2927bff325bdac818a0f66bcb0e3f6024948.7837d7c4dd93ce1942ce.js\" as=\"script\"/><link rel=\"preload\" href=\"/_next/static/chunks/7e6af41cba4d17bf3252e01cca7a4e8ef417be16.16d7933cd30cfdb49e7c.js\" as=\"script\"/><link rel=\"preload\" href=\"/_next/static/chunks/476d28077f57...\n\n\nhttps://on.cypress.io/request",
                "estack": "CypressError: `cy.request()` failed on:\n\nhttps://pos.v2-stg.thuocsi.vn/api/seller\n\nThe response we received from your web server was:\n\n  > 404: Not Found\n\nThis was considered a failure because the status code was not `2xx` or `3xx`.\n\nIf you do not want status codes to cause failures pass the option: `failOnStatusCode: false`\n\n-----------------------------------------------------------\n\nThe request we sent was:\n\nMethod: GET\nURL: https://pos.v2-stg.thuocsi.vn/api/seller\nHeaders: {\n  \"Connection\": \"keep-alive\",\n  \"user-agent\": \"Mozilla/5.0 (Macintosh; Intel Mac OS X 10_15_7) AppleWebKit/537.36 (KHTML, like Gecko) HeadlessChrome/120.0.0.0 Safari/537.36\",\n  \"accept\": \"*/*\",\n  \"authorization\": \"Bearer Q1VTVE9NRVIvQ1VTVE9NRVJfREtTU1NTU1NTUzpReHRKRzNxeWVBdUhLZ2t5WVRyQmZKem5meEI4ZEVjZTNMUTZuYzFrZ0xTWnBQOTU=\",\n  \"accept-encoding\": \"gzip, deflate\"\n}\n\n-----------------------------------------------------------\n\nThe response we got was:\n\nStatus: 404 - Not Found\nHeaders: {\n  \"server\": \"nginx\",\n  \"date\": \"Mon, 22 Jan 2024 06:36:40 GMT\",\n  \"content-type\": \"text/html; charset=utf-8\",\n  \"x-powered-by\": \"Next.js\",\n  \"etag\": \"\\\"5fdc-JW6Opn6WC6AoxO5NSIW+/2ir+40\\\"\",\n  \"vary\": \"Accept-Encoding\",\n  \"content-encoding\": \"gzip\",\n  \"via\": \"1.1 google\",\n  \"alt-svc\": \"h3=\\\":443\\\"; ma=2592000,h3-29=\\\":443\\\"; ma=2592000\",\n  \"transfer-encoding\": \"chunked\"\n}\nBody: <!DOCTYPE html><html lang=\"en\"><head><meta name=\"theme-color\" content=\"#00b46e\"/><link rel=\"stylesheet\" data-href=\"https://fonts.googleapis.com/css?family=Roboto:300,400,500,700&amp;display=swap\"/><link rel=\"shorcut icon\" href=\"/favicon-96x96.png\"/><meta charSet=\"utf-8\"/><meta name=\"viewport\" content=\"width=device-width, initial-scale=1.0, maximum-scale=1.0, minimum-scale=1.0, user-scalable=no\"/><meta http-equiv=\"Cache-Control\" content=\"no-cache\"/><meta http-equiv=\"Expires\" content=\"-1\"/><meta name=\"keywords\" content=\"Buymed POS\"/><meta name=\"description\" content=\"Retail System\"/><link rel=\"shortcut icon\" href=\"/images/favicon-16x16.png\"/><link rel=\"shortcut icon\" href=\"/images/favicon-32x32.png\"/><link rel=\"shortcut icon\" href=\"/images/favicon-96x96.png\"/><title>: An unexpected error has occurred</title><meta name=\"next-head-count\" content=\"10\"/><link rel=\"preload\" href=\"/_next/static/css/794362d37b7a696645da.css\" as=\"style\"/><link rel=\"stylesheet\" href=\"/_next/static/css/794362d37b7a696645da.css\" data-n-g=\"\"/><noscript data-n-css=\"\"></noscript><link rel=\"preload\" href=\"/_next/static/chunks/webpack-d57a62d0cfeef67f2456.js\" as=\"script\"/><link rel=\"preload\" href=\"/_next/static/chunks/framework.ec787e007ba674e48e7f.js\" as=\"script\"/><link rel=\"preload\" href=\"/_next/static/chunks/bff0af54ca1c7df71e09233f75e062901272c813.10c70fcf39d0bb76395d.js\" as=\"script\"/><link rel=\"preload\" href=\"/_next/static/chunks/fd3badad83e6b3f1dbd295819a480990445d1666.0c0adc73fe6e1336766f.js\" as=\"script\"/><link rel=\"preload\" href=\"/_next/static/chunks/main-7a3f5e5786ca1a7b4732.js\" as=\"script\"/><link rel=\"preload\" href=\"/_next/static/chunks/cb1608f2.d4e54d1f9cf1ac54e275.js\" as=\"script\"/><link rel=\"preload\" href=\"/_next/static/chunks/dfac2927bff325bdac818a0f66bcb0e3f6024948.7837d7c4dd93ce1942ce.js\" as=\"script\"/><link rel=\"preload\" href=\"/_next/static/chunks/7e6af41cba4d17bf3252e01cca7a4e8ef417be16.16d7933cd30cfdb49e7c.js\" as=\"script\"/><link rel=\"preload\" href=\"/_next/static/chunks/476d28077f57...\n\n\nhttps://on.cypress.io/request\n    at <unknown> (https://pos.v2-stg.thuocsi.vn/__cypress/runner/cypress_runner.js:149327:80)\n    at tryCatcher (https://pos.v2-stg.thuocsi.vn/__cypress/runner/cypress_runner.js:18744:23)\n    at Promise._settlePromiseFromHandler (https://pos.v2-stg.thuocsi.vn/__cypress/runner/cypress_runner.js:16679:31)\n    at Promise._settlePromise (https://pos.v2-stg.thuocsi.vn/__cypress/runner/cypress_runner.js:16736:18)\n    at Promise._settlePromise0 (https://pos.v2-stg.thuocsi.vn/__cypress/runner/cypress_runner.js:16781:10)\n    at Promise._settlePromises (https://pos.v2-stg.thuocsi.vn/__cypress/runner/cypress_runner.js:16861:18)\n    at _drainQueueStep (https://pos.v2-stg.thuocsi.vn/__cypress/runner/cypress_runner.js:13451:12)\n    at _drainQueue (https://pos.v2-stg.thuocsi.vn/__cypress/runner/cypress_runner.js:13444:9)\n    at ../../node_modules/bluebird/js/release/async.js.Async._drainQueues (https://pos.v2-stg.thuocsi.vn/__cypress/runner/cypress_runner.js:13460:5)\n    at Async.drainQueues (https://pos.v2-stg.thuocsi.vn/__cypress/runner/cypress_runner.js:13330:14)\nFrom Your Spec Code:\n    at Context.eval (webpack:///./cypress/e2e/tests/apilogin.cy.ts:34:11)",
                "diff": null
              },
              "uuid": "a20e2ff3-aeeb-449f-adf1-241f9fdb1354",
              "parentUUID": "714a1792-3cfa-464b-acaf-1918524588e7",
              "isHook": false,
              "skipped": false
            },
            {
              "title": "TC4: Get api account me with authenticate value",
              "fullTitle": "Api testing TC4: Get api account me with authenticate value",
              "timedOut": null,
              "duration": 102,
              "state": "passed",
              "speed": "fast",
              "pass": true,
              "fail": false,
              "pending": false,
              "context": "{\n  \"title\": \"cypress-mochawesome-reporter-videos-passed\",\n  \"value\": \"cypress/e2e/tests/apilogin.cy.ts\"\n}",
              "code": "cy.request({\n    method: \"GET\",\n    url: apiLoginPage_1.default.accountMeUrl,\n    auth: {\n        bearer: this.getauthen\n    }\n}).then(function (response) {\n    expect(response.body.status).to.eq(\"OK\");\n});",
              "err": {},
              "uuid": "974c1683-908a-43c6-b669-627042f8d586",
              "parentUUID": "714a1792-3cfa-464b-acaf-1918524588e7",
              "isHook": false,
              "skipped": false
            }
          ],
          "suites": [],
          "passes": [
            "55ff692c-6260-4fc8-942a-726304e7f25d",
            "ceb87f08-d441-425c-8e89-d2fa27f9c190",
            "974c1683-908a-43c6-b669-627042f8d586"
          ],
          "failures": [
            "a20e2ff3-aeeb-449f-adf1-241f9fdb1354"
          ],
          "pending": [],
          "skipped": [],
          "duration": 1339,
          "root": false,
          "rootEmpty": false,
          "_timeout": 2000
        }
      ],
      "passes": [],
      "failures": [],
      "pending": [],
      "skipped": [],
      "duration": 0,
      "root": true,
      "rootEmpty": true,
      "_timeout": 2000
    }
  ],
  "meta": {
    "mocha": {
      "version": "7.0.1"
    },
    "mochawesome": {
      "options": {
        "quiet": false,
        "reportFilename": "mochawesome",
        "saveHtml": false,
        "saveJson": true,
        "consoleReporter": "spec",
        "useInlineDiffs": false,
        "code": true
      },
      "version": "7.1.3"
    },
    "marge": {
      "options": {
        "overwrite": false,
        "html": false,
        "json": true,
        "embeddedScreenshots": true,
        "reportPageTitle": "My test Suite Result",
        "reportDir": "cypress/reports/html/.jsons"
      },
      "version": "6.2.0"
    }
  }
}