{
  "stats": {
    "suites": 1,
    "tests": 2,
    "passes": 0,
    "pending": 0,
    "failures": 2,
    "start": "2024-01-22T06:36:35.201Z",
    "end": "2024-01-22T06:36:37.414Z",
    "duration": 2213,
    "testsRegistered": 2,
    "passPercent": 0,
    "pendingPercent": 0,
    "other": 0,
    "hasOther": false,
    "skipped": 0,
    "hasSkipped": false
  },
  "results": [
    {
      "uuid": "08b1b2d5-680b-4625-b062-a3a1421e9522",
      "title": "",
      "fullFile": "cypress/e2e/tests/apiMenu_HLs.cy.ts",
      "file": "cypress/e2e/tests/apiMenu_HLs.cy.ts",
      "beforeHooks": [],
      "afterHooks": [],
      "tests": [],
      "suites": [
        {
          "uuid": "6a6008a0-ce0d-407b-a9af-c85c3621067b",
          "title": "Test api for Menu",
          "fullFile": "",
          "file": "",
          "beforeHooks": [],
          "afterHooks": [],
          "tests": [
            {
              "title": "Get Menu successfully",
              "fullTitle": "Test api for Menu Get Menu successfully",
              "timedOut": null,
              "duration": 1970,
              "state": "failed",
              "speed": null,
              "pass": false,
              "fail": true,
              "pending": false,
              "context": "[\n  {\n    \"title\": \"cypress-mochawesome-reporter-videos-failed\",\n    \"value\": \"cypress/e2e/tests/apiMenu_HLs.cy.ts\"\n  },\n  {\n    \"title\": \"cypress-mochawesome-reporter-screenshots\",\n    \"value\": [\n      [\n        \"/apiMenu_HLs.cy.ts/Test api for Menu -- Get Menu successfully (failed).png\"\n      ]\n    ]\n  }\n]",
              "code": "cy.request({\n    method: \"GET\",\n    url: apiMenu_HLs_1.default.url,\n    headers: {\n        Authorization: \"Bearer \".concat(accessToken_data.accessToken)\n    },\n    qs: {\n        language: \"vi\"\n    }\n}).then(function (response) {\n    //assert status response\n    expect(response.status).eq(200);\n    //assert number of category response\n    // cy.log(response.body.MenusItem[0].Item)\n    var count_category_item = (response.body.MenusItem[0].Item).length;\n    expect(count_category_item).eq(apiMenu_HLs_1.default.category.length);\n    //assert list category\n    // cy.log(count_category_item)\n    for (var i = 0; i < count_category_item; i++) {\n        // cy.log(response.body.MenusItem[0].Item[i].Title)\n        expect(response.body.MenusItem[0].Item[i].Title).eq(apiMenu_HLs_1.default.category[i]);\n    }\n    var isValidResponse = ajv.validate(responseSchema, response.body);\n    // Assert that the response matches the schema\n    expect(isValidResponse, ajv.errorsText(ajv.errors)).to.be.true;\n});",
              "err": {
                "message": "CypressError: `cy.request()` failed on:\n\nhttps://pos.v2-stg.thuocsi.vn/api/v2/menus/strips?language=vi\n\nThe response we received from your web server was:\n\n  > 404: Not Found\n\nThis was considered a failure because the status code was not `2xx` or `3xx`.\n\nIf you do not want status codes to cause failures pass the option: `failOnStatusCode: false`\n\n-----------------------------------------------------------\n\nThe request we sent was:\n\nMethod: GET\nURL: https://pos.v2-stg.thuocsi.vn/api/v2/menus/strips?language=vi\nHeaders: {\n  \"Connection\": \"keep-alive\",\n  \"Authorization\": \"Bearer eyJhbGciOiJIUzI1NiIsInR5cCI6IkpXVCJ9.eyJVc2VyR3VpZCI6IkN1c3RvbWVyLzkiLCJEZXZpY2VHdWlkIjoiRGV2aWNlLzI5IiwiTG9jYXRpb25HdWlkIjoiTG9jYXRpb24vMTAiLCJLZXlEZXZpY2UiOiIiLCJEZXZpY2VUeXBlIjoiMCIsIkVtcGxveWVlR3VpZCI6IiIsIkN1c3RvbWVyR3VpZCI6IkN1c3RvbWVyR3Vlc3RzLzEyMzAzMTUiLCJUb2tlbl9pZCI6IiIsIm5iZiI6MTY5MDI3NTk2MCwiZXhwIjoxNjkwMjgzMTYwLCJpYXQiOjE2OTAyNzU5NjAsImlzcyI6Imh0dHBzOi8vc3RhZ2luZy1hcGktYXBwLmhpZ2hsYW5kc2NvZmZlZS5jb20udm4iLCJhdWQiOiJodHRwczovL3N0YWdpbmctYXBpLWFwcC5oaWdobGFuZHNjb2ZmZWUuY29tLnZuIn0.jrraAYW1arSV81nQ7Eq734_dV6dgp_ZEcN83jzfVhUo\",\n  \"user-agent\": \"Mozilla/5.0 (Macintosh; Intel Mac OS X 10_15_7) AppleWebKit/537.36 (KHTML, like Gecko) HeadlessChrome/120.0.0.0 Safari/537.36\",\n  \"accept\": \"*/*\",\n  \"accept-encoding\": \"gzip, deflate\"\n}\n\n-----------------------------------------------------------\n\nThe response we got was:\n\nStatus: 404 - Not Found\nHeaders: {\n  \"server\": \"nginx\",\n  \"date\": \"Mon, 22 Jan 2024 06:36:37 GMT\",\n  \"content-type\": \"text/html; charset=utf-8\",\n  \"x-powered-by\": \"Next.js\",\n  \"etag\": \"\\\"5feb-rra1DNvTqt0oUcJIlUG1MBIIO7c\\\"\",\n  \"vary\": \"Accept-Encoding\",\n  \"content-encoding\": \"gzip\",\n  \"via\": \"1.1 google\",\n  \"alt-svc\": \"h3=\\\":443\\\"; ma=2592000,h3-29=\\\":443\\\"; ma=2592000\",\n  \"transfer-encoding\": \"chunked\"\n}\nBody: <!DOCTYPE html><html lang=\"en\"><head><meta name=\"theme-color\" content=\"#00b46e\"/><link rel=\"stylesheet\" data-href=\"https://fonts.googleapis.com/css?family=Roboto:300,400,500,700&amp;display=swap\"/><link rel=\"shorcut icon\" href=\"/favicon-96x96.png\"/><meta charSet=\"utf-8\"/><meta name=\"viewport\" content=\"width=device-width, initial-scale=1.0, maximum-scale=1.0, minimum-scale=1.0, user-scalable=no\"/><meta http-equiv=\"Cache-Control\" content=\"no-cache\"/><meta http-equiv=\"Expires\" content=\"-1\"/><meta name=\"keywords\" content=\"Buymed POS\"/><meta name=\"description\" content=\"Retail System\"/><link rel=\"shortcut icon\" href=\"/images/favicon-16x16.png\"/><link rel=\"shortcut icon\" href=\"/images/favicon-32x32.png\"/><link rel=\"shortcut icon\" href=\"/images/favicon-96x96.png\"/><title>: An unexpected error has occurred</title><meta name=\"next-head-count\" content=\"10\"/><link rel=\"preload\" href=\"/_next/static/css/794362d37b7a696645da.css\" as=\"style\"/><link rel=\"stylesheet\" href=\"/_next/static/css/794362d37b7a696645da.css\" data-n-g=\"\"/><noscript data-n-css=\"\"></noscript><link rel=\"preload\" href=\"/_next/static/chunks/webpack-d57a62d0cfeef67f2456.js\" as=\"script\"/><link rel=\"preload\" href=\"/_next/static/chunks/framework.ec787e007ba674e48e7f.js\" as=\"script\"/><link rel=\"preload\" href=\"/_next/static/chunks/bff0af54ca1c7df71e09233f75e062901272c813.10c70fcf39d0bb76395d.js\" as=\"script\"/><link rel=\"preload\" href=\"/_next/static/chunks/fd3badad83e6b3f1dbd295819a480990445d1666.0c0adc73fe6e1336766f.js\" as=\"script\"/><link rel=\"preload\" href=\"/_next/static/chunks/main-7a3f5e5786ca1a7b4732.js\" as=\"script\"/><link rel=\"preload\" href=\"/_next/static/chunks/cb1608f2.d4e54d1f9cf1ac54e275.js\" as=\"script\"/><link rel=\"preload\" href=\"/_next/static/chunks/dfac2927bff325bdac818a0f66bcb0e3f6024948.7837d7c4dd93ce1942ce.js\" as=\"script\"/><link rel=\"preload\" href=\"/_next/static/chunks/7e6af41cba4d17bf3252e01cca7a4e8ef417be16.16d7933cd30cfdb49e7c.js\" as=\"script\"/><link rel=\"preload\" href=\"/_next/static/chunks/476d28077f57...\n\n\nhttps://on.cypress.io/request",
                "estack": "CypressError: `cy.request()` failed on:\n\nhttps://pos.v2-stg.thuocsi.vn/api/v2/menus/strips?language=vi\n\nThe response we received from your web server was:\n\n  > 404: Not Found\n\nThis was considered a failure because the status code was not `2xx` or `3xx`.\n\nIf you do not want status codes to cause failures pass the option: `failOnStatusCode: false`\n\n-----------------------------------------------------------\n\nThe request we sent was:\n\nMethod: GET\nURL: https://pos.v2-stg.thuocsi.vn/api/v2/menus/strips?language=vi\nHeaders: {\n  \"Connection\": \"keep-alive\",\n  \"Authorization\": \"Bearer eyJhbGciOiJIUzI1NiIsInR5cCI6IkpXVCJ9.eyJVc2VyR3VpZCI6IkN1c3RvbWVyLzkiLCJEZXZpY2VHdWlkIjoiRGV2aWNlLzI5IiwiTG9jYXRpb25HdWlkIjoiTG9jYXRpb24vMTAiLCJLZXlEZXZpY2UiOiIiLCJEZXZpY2VUeXBlIjoiMCIsIkVtcGxveWVlR3VpZCI6IiIsIkN1c3RvbWVyR3VpZCI6IkN1c3RvbWVyR3Vlc3RzLzEyMzAzMTUiLCJUb2tlbl9pZCI6IiIsIm5iZiI6MTY5MDI3NTk2MCwiZXhwIjoxNjkwMjgzMTYwLCJpYXQiOjE2OTAyNzU5NjAsImlzcyI6Imh0dHBzOi8vc3RhZ2luZy1hcGktYXBwLmhpZ2hsYW5kc2NvZmZlZS5jb20udm4iLCJhdWQiOiJodHRwczovL3N0YWdpbmctYXBpLWFwcC5oaWdobGFuZHNjb2ZmZWUuY29tLnZuIn0.jrraAYW1arSV81nQ7Eq734_dV6dgp_ZEcN83jzfVhUo\",\n  \"user-agent\": \"Mozilla/5.0 (Macintosh; Intel Mac OS X 10_15_7) AppleWebKit/537.36 (KHTML, like Gecko) HeadlessChrome/120.0.0.0 Safari/537.36\",\n  \"accept\": \"*/*\",\n  \"accept-encoding\": \"gzip, deflate\"\n}\n\n-----------------------------------------------------------\n\nThe response we got was:\n\nStatus: 404 - Not Found\nHeaders: {\n  \"server\": \"nginx\",\n  \"date\": \"Mon, 22 Jan 2024 06:36:37 GMT\",\n  \"content-type\": \"text/html; charset=utf-8\",\n  \"x-powered-by\": \"Next.js\",\n  \"etag\": \"\\\"5feb-rra1DNvTqt0oUcJIlUG1MBIIO7c\\\"\",\n  \"vary\": \"Accept-Encoding\",\n  \"content-encoding\": \"gzip\",\n  \"via\": \"1.1 google\",\n  \"alt-svc\": \"h3=\\\":443\\\"; ma=2592000,h3-29=\\\":443\\\"; ma=2592000\",\n  \"transfer-encoding\": \"chunked\"\n}\nBody: <!DOCTYPE html><html lang=\"en\"><head><meta name=\"theme-color\" content=\"#00b46e\"/><link rel=\"stylesheet\" data-href=\"https://fonts.googleapis.com/css?family=Roboto:300,400,500,700&amp;display=swap\"/><link rel=\"shorcut icon\" href=\"/favicon-96x96.png\"/><meta charSet=\"utf-8\"/><meta name=\"viewport\" content=\"width=device-width, initial-scale=1.0, maximum-scale=1.0, minimum-scale=1.0, user-scalable=no\"/><meta http-equiv=\"Cache-Control\" content=\"no-cache\"/><meta http-equiv=\"Expires\" content=\"-1\"/><meta name=\"keywords\" content=\"Buymed POS\"/><meta name=\"description\" content=\"Retail System\"/><link rel=\"shortcut icon\" href=\"/images/favicon-16x16.png\"/><link rel=\"shortcut icon\" href=\"/images/favicon-32x32.png\"/><link rel=\"shortcut icon\" href=\"/images/favicon-96x96.png\"/><title>: An unexpected error has occurred</title><meta name=\"next-head-count\" content=\"10\"/><link rel=\"preload\" href=\"/_next/static/css/794362d37b7a696645da.css\" as=\"style\"/><link rel=\"stylesheet\" href=\"/_next/static/css/794362d37b7a696645da.css\" data-n-g=\"\"/><noscript data-n-css=\"\"></noscript><link rel=\"preload\" href=\"/_next/static/chunks/webpack-d57a62d0cfeef67f2456.js\" as=\"script\"/><link rel=\"preload\" href=\"/_next/static/chunks/framework.ec787e007ba674e48e7f.js\" as=\"script\"/><link rel=\"preload\" href=\"/_next/static/chunks/bff0af54ca1c7df71e09233f75e062901272c813.10c70fcf39d0bb76395d.js\" as=\"script\"/><link rel=\"preload\" href=\"/_next/static/chunks/fd3badad83e6b3f1dbd295819a480990445d1666.0c0adc73fe6e1336766f.js\" as=\"script\"/><link rel=\"preload\" href=\"/_next/static/chunks/main-7a3f5e5786ca1a7b4732.js\" as=\"script\"/><link rel=\"preload\" href=\"/_next/static/chunks/cb1608f2.d4e54d1f9cf1ac54e275.js\" as=\"script\"/><link rel=\"preload\" href=\"/_next/static/chunks/dfac2927bff325bdac818a0f66bcb0e3f6024948.7837d7c4dd93ce1942ce.js\" as=\"script\"/><link rel=\"preload\" href=\"/_next/static/chunks/7e6af41cba4d17bf3252e01cca7a4e8ef417be16.16d7933cd30cfdb49e7c.js\" as=\"script\"/><link rel=\"preload\" href=\"/_next/static/chunks/476d28077f57...\n\n\nhttps://on.cypress.io/request\n    at <unknown> (https://pos.v2-stg.thuocsi.vn/__cypress/runner/cypress_runner.js:149327:80)\n    at tryCatcher (https://pos.v2-stg.thuocsi.vn/__cypress/runner/cypress_runner.js:18744:23)\n    at Promise._settlePromiseFromHandler (https://pos.v2-stg.thuocsi.vn/__cypress/runner/cypress_runner.js:16679:31)\n    at Promise._settlePromise (https://pos.v2-stg.thuocsi.vn/__cypress/runner/cypress_runner.js:16736:18)\n    at Promise._settlePromise0 (https://pos.v2-stg.thuocsi.vn/__cypress/runner/cypress_runner.js:16781:10)\n    at Promise._settlePromises (https://pos.v2-stg.thuocsi.vn/__cypress/runner/cypress_runner.js:16861:18)\n    at _drainQueueStep (https://pos.v2-stg.thuocsi.vn/__cypress/runner/cypress_runner.js:13451:12)\n    at _drainQueue (https://pos.v2-stg.thuocsi.vn/__cypress/runner/cypress_runner.js:13444:9)\n    at ../../node_modules/bluebird/js/release/async.js.Async._drainQueues (https://pos.v2-stg.thuocsi.vn/__cypress/runner/cypress_runner.js:13460:5)\n    at Async.drainQueues (https://pos.v2-stg.thuocsi.vn/__cypress/runner/cypress_runner.js:13330:14)\nFrom Your Spec Code:\n    at Context.eval (webpack:///./cypress/e2e/tests/apiMenu_HLs.cy.ts:10:11)",
                "diff": null
              },
              "uuid": "ca6c43c3-acc9-42b3-b586-73b6a15623a0",
              "parentUUID": "6a6008a0-ce0d-407b-a9af-c85c3621067b",
              "isHook": false,
              "skipped": false
            },
            {
              "title": "Verity status code 401 is repsonse when authentication is incorrect or expired",
              "fullTitle": "Test api for Menu Verity status code 401 is repsonse when authentication is incorrect or expired",
              "timedOut": null,
              "duration": 213,
              "state": "failed",
              "speed": null,
              "pass": false,
              "fail": true,
              "pending": false,
              "context": "[\n  {\n    \"title\": \"cypress-mochawesome-reporter-videos-failed\",\n    \"value\": \"cypress/e2e/tests/apiMenu_HLs.cy.ts\"\n  },\n  {\n    \"title\": \"cypress-mochawesome-reporter-screenshots\",\n    \"value\": [\n      [\n        \"/apiMenu_HLs.cy.ts/Test api for Menu -- Verity status code 401 is repsonse when authentication is incorrect or expired (failed).png\"\n      ]\n    ]\n  }\n]",
              "code": "cy.request({\n    method: \"GET\",\n    url: apiMenu_HLs_1.default.url,\n    failOnStatusCode: false,\n}).then(function (response) {\n    expect(response.status).eq(401);\n});",
              "err": {
                "message": "AssertionError: expected 404 to equal 401",
                "estack": "AssertionError: expected 404 to equal 401\n    at Context.eval (webpack:///./cypress/e2e/tests/apiMenu_HLs.cy.ts:44:36)",
                "diff": "- 404\n+ 401\n"
              },
              "uuid": "89d31001-7bfd-41bb-bd26-fc382783277c",
              "parentUUID": "6a6008a0-ce0d-407b-a9af-c85c3621067b",
              "isHook": false,
              "skipped": false
            }
          ],
          "suites": [],
          "passes": [],
          "failures": [
            "ca6c43c3-acc9-42b3-b586-73b6a15623a0",
            "89d31001-7bfd-41bb-bd26-fc382783277c"
          ],
          "pending": [],
          "skipped": [],
          "duration": 2183,
          "root": false,
          "rootEmpty": false,
          "_timeout": 2000
        }
      ],
      "passes": [],
      "failures": [],
      "pending": [],
      "skipped": [],
      "duration": 0,
      "root": true,
      "rootEmpty": true,
      "_timeout": 2000
    }
  ],
  "meta": {
    "mocha": {
      "version": "7.0.1"
    },
    "mochawesome": {
      "options": {
        "quiet": false,
        "reportFilename": "mochawesome",
        "saveHtml": false,
        "saveJson": true,
        "consoleReporter": "spec",
        "useInlineDiffs": false,
        "code": true
      },
      "version": "7.1.3"
    },
    "marge": {
      "options": {
        "overwrite": false,
        "html": false,
        "json": true,
        "embeddedScreenshots": true,
        "reportPageTitle": "My test Suite Result",
        "reportDir": "cypress/reports/html/.jsons"
      },
      "version": "6.2.0"
    }
  }
}