{
  "stats": {
    "suites": 1,
    "tests": 3,
    "passes": 2,
    "pending": 0,
    "failures": 1,
    "start": "2024-01-22T06:36:43.010Z",
    "end": "2024-01-22T06:36:44.645Z",
    "duration": 1635,
    "testsRegistered": 3,
    "passPercent": 66.66666666666666,
    "pendingPercent": 0,
    "other": 0,
    "hasOther": false,
    "skipped": 0,
    "hasSkipped": false
  },
  "results": [
    {
      "uuid": "553647c8-0902-47e9-b902-18efcc963d6f",
      "title": "",
      "fullFile": "cypress/e2e/tests/apilogin_HLs.cy.ts",
      "file": "cypress/e2e/tests/apilogin_HLs.cy.ts",
      "beforeHooks": [],
      "afterHooks": [],
      "tests": [],
      "suites": [
        {
          "uuid": "ad696964-4662-4b8d-9fff-8edfc6b3455e",
          "title": "Route api",
          "fullFile": "",
          "file": "",
          "beforeHooks": [],
          "afterHooks": [],
          "tests": [
            {
              "title": "Api token route",
              "fullTitle": "Route api Api token route",
              "timedOut": null,
              "duration": 1315,
              "state": "passed",
              "speed": "fast",
              "pass": true,
              "fail": false,
              "pending": false,
              "context": "{\n  \"title\": \"cypress-mochawesome-reporter-videos-passed\",\n  \"value\": \"cypress/e2e/tests/apilogin_HLs.cy.ts\"\n}",
              "code": "cy.request({\n    method: \"POST\",\n    url: apiLoginPage_HLs_1.default.rountUrl,\n    body: {\n        DeviceCode: apilogin_HLs_data.DeviceCode\n    }\n}).then(function (response) {\n    routeAuthen = response.body.AccessToken;\n    expect(response.status).eq(200);\n});",
              "err": {},
              "uuid": "966e9c9a-60b2-42f5-a275-63d5f4d197ae",
              "parentUUID": "ad696964-4662-4b8d-9fff-8edfc6b3455e",
              "isHook": false,
              "skipped": false
            },
            {
              "title": "Verify user able to login success with correct username and password",
              "fullTitle": "Route api Verify user able to login success with correct username and password",
              "timedOut": null,
              "duration": 266,
              "state": "failed",
              "speed": null,
              "pass": false,
              "fail": true,
              "pending": false,
              "context": "[\n  {\n    \"title\": \"cypress-mochawesome-reporter-videos-failed\",\n    \"value\": \"cypress/e2e/tests/apilogin_HLs.cy.ts\"\n  },\n  {\n    \"title\": \"cypress-mochawesome-reporter-screenshots\",\n    \"value\": [\n      [\n        \"/apilogin_HLs.cy.ts/Route api -- Verify user able to login success with correct username and password (failed).png\"\n      ]\n    ]\n  }\n]",
              "code": "cy.request({\n    method: \"POST\",\n    url: apiLoginPage_HLs_1.default.loginUrl,\n    body: {\n        UserAccount: apilogin_HLs_data.UserAccount,\n        Password: apilogin_HLs_data.Password\n    },\n    headers: {\n        Authorization: \"Bearer \" + routeAuthen\n    }\n}).then(function (response) {\n    expect(response.status).eq(200);\n    accessToken = response.body.AccessToken;\n});",
              "err": {
                "message": "CypressError: `cy.request()` failed on:\n\nhttps://pos.v2-stg.thuocsi.vn/api/v2/authentication/signin\n\nThe response we received from your web server was:\n\n  > 404: Not Found\n\nThis was considered a failure because the status code was not `2xx` or `3xx`.\n\nIf you do not want status codes to cause failures pass the option: `failOnStatusCode: false`\n\n-----------------------------------------------------------\n\nThe request we sent was:\n\nMethod: POST\nURL: https://pos.v2-stg.thuocsi.vn/api/v2/authentication/signin\nHeaders: {\n  \"Connection\": \"keep-alive\",\n  \"Authorization\": \"Bearer eyJhbGciOiJIUzI1NiIsInR5cCI6IkpXVCIsImtpZCI6ImE2YzcwODA1LTc2M2QtNDViYi1hYTIzLWM0Yzg4YmUzNzkzMyJ9.eyJVc2VyR3VpZCI6IkN1c3RvbWVyLzkiLCJEZXZpY2VHdWlkIjoiRGV2aWNlLzI5IiwiTG9jYXRpb25HdWlkIjoiTG9jYXRpb24vMTAiLCJLZXlEZXZpY2UiOiJOUkFOLUs4TUctWUU1OSIsIkRldmljZVR5cGUiOiIxIiwibmJmIjoxNzA1OTA1NDA0LCJleHAiOjE3MDU5OTE4MDQsImlhdCI6MTcwNTkwNTQwNCwiaXNzIjoiaHR0cHM6Ly9zdGFnaW5nLWFwaS1hcHAuaGlnaGxhbmRzY29mZmVlLmNvbS52biIsImF1ZCI6Imh0dHBzOi8vc3RhZ2luZy1hcGktYXBwLmhpZ2hsYW5kc2NvZmZlZS5jb20udm4ifQ.m22JWiN80-RHTXYtG8410GNsTQq9ZEHyMni6KHqo9_g\",\n  \"user-agent\": \"Mozilla/5.0 (Macintosh; Intel Mac OS X 10_15_7) AppleWebKit/537.36 (KHTML, like Gecko) HeadlessChrome/120.0.0.0 Safari/537.36\",\n  \"accept\": \"*/*\",\n  \"accept-encoding\": \"gzip, deflate\",\n  \"content-type\": \"application/json\",\n  \"content-length\": 49\n}\nBody: {\"UserAccount\":\"123456701\",\"Password\":\"11111111\"}\n\n-----------------------------------------------------------\n\nThe response we got was:\n\nStatus: 404 - Not Found\nHeaders: {\n  \"server\": \"nginx\",\n  \"date\": \"Mon, 22 Jan 2024 06:36:44 GMT\",\n  \"content-type\": \"text/html; charset=utf-8\",\n  \"x-powered-by\": \"Next.js\",\n  \"etag\": \"\\\"5fdc-JW6Opn6WC6AoxO5NSIW+/2ir+40\\\"\",\n  \"vary\": \"Accept-Encoding\",\n  \"content-encoding\": \"gzip\",\n  \"via\": \"1.1 google\",\n  \"alt-svc\": \"h3=\\\":443\\\"; ma=2592000,h3-29=\\\":443\\\"; ma=2592000\",\n  \"transfer-encoding\": \"chunked\"\n}\nBody: <!DOCTYPE html><html lang=\"en\"><head><meta name=\"theme-color\" content=\"#00b46e\"/><link rel=\"stylesheet\" data-href=\"https://fonts.googleapis.com/css?family=Roboto:300,400,500,700&amp;display=swap\"/><link rel=\"shorcut icon\" href=\"/favicon-96x96.png\"/><meta charSet=\"utf-8\"/><meta name=\"viewport\" content=\"width=device-width, initial-scale=1.0, maximum-scale=1.0, minimum-scale=1.0, user-scalable=no\"/><meta http-equiv=\"Cache-Control\" content=\"no-cache\"/><meta http-equiv=\"Expires\" content=\"-1\"/><meta name=\"keywords\" content=\"Buymed POS\"/><meta name=\"description\" content=\"Retail System\"/><link rel=\"shortcut icon\" href=\"/images/favicon-16x16.png\"/><link rel=\"shortcut icon\" href=\"/images/favicon-32x32.png\"/><link rel=\"shortcut icon\" href=\"/images/favicon-96x96.png\"/><title>: An unexpected error has occurred</title><meta name=\"next-head-count\" content=\"10\"/><link rel=\"preload\" href=\"/_next/static/css/794362d37b7a696645da.css\" as=\"style\"/><link rel=\"stylesheet\" href=\"/_next/static/css/794362d37b7a696645da.css\" data-n-g=\"\"/><noscript data-n-css=\"\"></noscript><link rel=\"preload\" href=\"/_next/static/chunks/webpack-d57a62d0cfeef67f2456.js\" as=\"script\"/><link rel=\"preload\" href=\"/_next/static/chunks/framework.ec787e007ba674e48e7f.js\" as=\"script\"/><link rel=\"preload\" href=\"/_next/static/chunks/bff0af54ca1c7df71e09233f75e062901272c813.10c70fcf39d0bb76395d.js\" as=\"script\"/><link rel=\"preload\" href=\"/_next/static/chunks/fd3badad83e6b3f1dbd295819a480990445d1666.0c0adc73fe6e1336766f.js\" as=\"script\"/><link rel=\"preload\" href=\"/_next/static/chunks/main-7a3f5e5786ca1a7b4732.js\" as=\"script\"/><link rel=\"preload\" href=\"/_next/static/chunks/cb1608f2.d4e54d1f9cf1ac54e275.js\" as=\"script\"/><link rel=\"preload\" href=\"/_next/static/chunks/dfac2927bff325bdac818a0f66bcb0e3f6024948.7837d7c4dd93ce1942ce.js\" as=\"script\"/><link rel=\"preload\" href=\"/_next/static/chunks/7e6af41cba4d17bf3252e01cca7a4e8ef417be16.16d7933cd30cfdb49e7c.js\" as=\"script\"/><link rel=\"preload\" href=\"/_next/static/chunks/476d28077f57...\n\n\nhttps://on.cypress.io/request",
                "estack": "CypressError: `cy.request()` failed on:\n\nhttps://pos.v2-stg.thuocsi.vn/api/v2/authentication/signin\n\nThe response we received from your web server was:\n\n  > 404: Not Found\n\nThis was considered a failure because the status code was not `2xx` or `3xx`.\n\nIf you do not want status codes to cause failures pass the option: `failOnStatusCode: false`\n\n-----------------------------------------------------------\n\nThe request we sent was:\n\nMethod: POST\nURL: https://pos.v2-stg.thuocsi.vn/api/v2/authentication/signin\nHeaders: {\n  \"Connection\": \"keep-alive\",\n  \"Authorization\": \"Bearer eyJhbGciOiJIUzI1NiIsInR5cCI6IkpXVCIsImtpZCI6ImE2YzcwODA1LTc2M2QtNDViYi1hYTIzLWM0Yzg4YmUzNzkzMyJ9.eyJVc2VyR3VpZCI6IkN1c3RvbWVyLzkiLCJEZXZpY2VHdWlkIjoiRGV2aWNlLzI5IiwiTG9jYXRpb25HdWlkIjoiTG9jYXRpb24vMTAiLCJLZXlEZXZpY2UiOiJOUkFOLUs4TUctWUU1OSIsIkRldmljZVR5cGUiOiIxIiwibmJmIjoxNzA1OTA1NDA0LCJleHAiOjE3MDU5OTE4MDQsImlhdCI6MTcwNTkwNTQwNCwiaXNzIjoiaHR0cHM6Ly9zdGFnaW5nLWFwaS1hcHAuaGlnaGxhbmRzY29mZmVlLmNvbS52biIsImF1ZCI6Imh0dHBzOi8vc3RhZ2luZy1hcGktYXBwLmhpZ2hsYW5kc2NvZmZlZS5jb20udm4ifQ.m22JWiN80-RHTXYtG8410GNsTQq9ZEHyMni6KHqo9_g\",\n  \"user-agent\": \"Mozilla/5.0 (Macintosh; Intel Mac OS X 10_15_7) AppleWebKit/537.36 (KHTML, like Gecko) HeadlessChrome/120.0.0.0 Safari/537.36\",\n  \"accept\": \"*/*\",\n  \"accept-encoding\": \"gzip, deflate\",\n  \"content-type\": \"application/json\",\n  \"content-length\": 49\n}\nBody: {\"UserAccount\":\"123456701\",\"Password\":\"11111111\"}\n\n-----------------------------------------------------------\n\nThe response we got was:\n\nStatus: 404 - Not Found\nHeaders: {\n  \"server\": \"nginx\",\n  \"date\": \"Mon, 22 Jan 2024 06:36:44 GMT\",\n  \"content-type\": \"text/html; charset=utf-8\",\n  \"x-powered-by\": \"Next.js\",\n  \"etag\": \"\\\"5fdc-JW6Opn6WC6AoxO5NSIW+/2ir+40\\\"\",\n  \"vary\": \"Accept-Encoding\",\n  \"content-encoding\": \"gzip\",\n  \"via\": \"1.1 google\",\n  \"alt-svc\": \"h3=\\\":443\\\"; ma=2592000,h3-29=\\\":443\\\"; ma=2592000\",\n  \"transfer-encoding\": \"chunked\"\n}\nBody: <!DOCTYPE html><html lang=\"en\"><head><meta name=\"theme-color\" content=\"#00b46e\"/><link rel=\"stylesheet\" data-href=\"https://fonts.googleapis.com/css?family=Roboto:300,400,500,700&amp;display=swap\"/><link rel=\"shorcut icon\" href=\"/favicon-96x96.png\"/><meta charSet=\"utf-8\"/><meta name=\"viewport\" content=\"width=device-width, initial-scale=1.0, maximum-scale=1.0, minimum-scale=1.0, user-scalable=no\"/><meta http-equiv=\"Cache-Control\" content=\"no-cache\"/><meta http-equiv=\"Expires\" content=\"-1\"/><meta name=\"keywords\" content=\"Buymed POS\"/><meta name=\"description\" content=\"Retail System\"/><link rel=\"shortcut icon\" href=\"/images/favicon-16x16.png\"/><link rel=\"shortcut icon\" href=\"/images/favicon-32x32.png\"/><link rel=\"shortcut icon\" href=\"/images/favicon-96x96.png\"/><title>: An unexpected error has occurred</title><meta name=\"next-head-count\" content=\"10\"/><link rel=\"preload\" href=\"/_next/static/css/794362d37b7a696645da.css\" as=\"style\"/><link rel=\"stylesheet\" href=\"/_next/static/css/794362d37b7a696645da.css\" data-n-g=\"\"/><noscript data-n-css=\"\"></noscript><link rel=\"preload\" href=\"/_next/static/chunks/webpack-d57a62d0cfeef67f2456.js\" as=\"script\"/><link rel=\"preload\" href=\"/_next/static/chunks/framework.ec787e007ba674e48e7f.js\" as=\"script\"/><link rel=\"preload\" href=\"/_next/static/chunks/bff0af54ca1c7df71e09233f75e062901272c813.10c70fcf39d0bb76395d.js\" as=\"script\"/><link rel=\"preload\" href=\"/_next/static/chunks/fd3badad83e6b3f1dbd295819a480990445d1666.0c0adc73fe6e1336766f.js\" as=\"script\"/><link rel=\"preload\" href=\"/_next/static/chunks/main-7a3f5e5786ca1a7b4732.js\" as=\"script\"/><link rel=\"preload\" href=\"/_next/static/chunks/cb1608f2.d4e54d1f9cf1ac54e275.js\" as=\"script\"/><link rel=\"preload\" href=\"/_next/static/chunks/dfac2927bff325bdac818a0f66bcb0e3f6024948.7837d7c4dd93ce1942ce.js\" as=\"script\"/><link rel=\"preload\" href=\"/_next/static/chunks/7e6af41cba4d17bf3252e01cca7a4e8ef417be16.16d7933cd30cfdb49e7c.js\" as=\"script\"/><link rel=\"preload\" href=\"/_next/static/chunks/476d28077f57...\n\n\nhttps://on.cypress.io/request\n    at <unknown> (https://pos.v2-stg.thuocsi.vn/__cypress/runner/cypress_runner.js:149327:80)\n    at tryCatcher (https://pos.v2-stg.thuocsi.vn/__cypress/runner/cypress_runner.js:18744:23)\n    at Promise._settlePromiseFromHandler (https://pos.v2-stg.thuocsi.vn/__cypress/runner/cypress_runner.js:16679:31)\n    at Promise._settlePromise (https://pos.v2-stg.thuocsi.vn/__cypress/runner/cypress_runner.js:16736:18)\n    at Promise._settlePromise0 (https://pos.v2-stg.thuocsi.vn/__cypress/runner/cypress_runner.js:16781:10)\n    at Promise._settlePromises (https://pos.v2-stg.thuocsi.vn/__cypress/runner/cypress_runner.js:16861:18)\n    at _drainQueueStep (https://pos.v2-stg.thuocsi.vn/__cypress/runner/cypress_runner.js:13451:12)\n    at _drainQueue (https://pos.v2-stg.thuocsi.vn/__cypress/runner/cypress_runner.js:13444:9)\n    at ../../node_modules/bluebird/js/release/async.js.Async._drainQueues (https://pos.v2-stg.thuocsi.vn/__cypress/runner/cypress_runner.js:13460:5)\n    at Async.drainQueues (https://pos.v2-stg.thuocsi.vn/__cypress/runner/cypress_runner.js:13330:14)\nFrom Your Spec Code:\n    at Context.eval (webpack:///./cypress/e2e/tests/apilogin_HLs.cy.ts:23:11)",
                "diff": null
              },
              "uuid": "88a097d6-a141-4918-8edb-aa4f6b43480d",
              "parentUUID": "ad696964-4662-4b8d-9fff-8edfc6b3455e",
              "isHook": false,
              "skipped": false
            },
            {
              "title": "Set authorization token",
              "fullTitle": "Route api Set authorization token",
              "timedOut": null,
              "duration": 25,
              "state": "passed",
              "speed": "fast",
              "pass": true,
              "fail": false,
              "pending": false,
              "context": "{\n  \"title\": \"cypress-mochawesome-reporter-videos-passed\",\n  \"value\": \"cypress/e2e/tests/apilogin_HLs.cy.ts\"\n}",
              "code": "cy.writeFile(\"cypress/fixtures/accessToken.json\", { accessToken: accessToken });",
              "err": {},
              "uuid": "a5faa2dd-6389-456c-ac92-9b4fd511887e",
              "parentUUID": "ad696964-4662-4b8d-9fff-8edfc6b3455e",
              "isHook": false,
              "skipped": false
            }
          ],
          "suites": [],
          "passes": [
            "966e9c9a-60b2-42f5-a275-63d5f4d197ae",
            "a5faa2dd-6389-456c-ac92-9b4fd511887e"
          ],
          "failures": [
            "88a097d6-a141-4918-8edb-aa4f6b43480d"
          ],
          "pending": [],
          "skipped": [],
          "duration": 1606,
          "root": false,
          "rootEmpty": false,
          "_timeout": 2000
        }
      ],
      "passes": [],
      "failures": [],
      "pending": [],
      "skipped": [],
      "duration": 0,
      "root": true,
      "rootEmpty": true,
      "_timeout": 2000
    }
  ],
  "meta": {
    "mocha": {
      "version": "7.0.1"
    },
    "mochawesome": {
      "options": {
        "quiet": false,
        "reportFilename": "mochawesome",
        "saveHtml": false,
        "saveJson": true,
        "consoleReporter": "spec",
        "useInlineDiffs": false,
        "code": true
      },
      "version": "7.1.3"
    },
    "marge": {
      "options": {
        "overwrite": false,
        "html": false,
        "json": true,
        "embeddedScreenshots": true,
        "reportPageTitle": "My test Suite Result",
        "reportDir": "cypress/reports/html/.jsons"
      },
      "version": "6.2.0"
    }
  }
}